\BOOKMARK [1][-]{section.1}{\376\377\000M\000o\000t\000i\000v\000a\000c\000i\000o\000n\000:\000\040\000E\000l\000\040\000C\000a\000s\000o\000\040\0001\000D\000\040\000c\000o\000m\000o\000\040\000P\000u\000n\000t\000o\000\040\000d\000e\000\040\000P\000a\000r\000t\000i\000d\000a}{}% 1
\BOOKMARK [1][-]{section.2}{\376\377\000P\000l\000a\000n\000t\000e\000a\000m\000i\000e\000n\000t\000o\000\040\000d\000e\000l\000\040\000P\000r\000o\000b\000l\000e\000m\000a}{}% 2
\BOOKMARK [1][-]{section.3}{\376\377\000C\000o\000n\000v\000e\000r\000s\000i\000o\000n\000\040\000d\000e\000\040\000l\000a\000\040\000I\000n\000t\000e\000g\000r\000a\000l\000:\000\040\000e\000l\000\040\000T\000e\000o\000r\000e\000m\000a\000\040\000F\000u\000n\000d\000a\000m\000e\000n\000t\000a\000l\000\040\000d\000e\000l\000\040\000C\000a\000l\000c\000u\000l\000o}{}% 3
\BOOKMARK [2][-]{subsection.3.1}{\376\377\000C\000o\000n\000d\000i\000c\000i\000o\000n\000\040\000s\000o\000b\000r\000e\000\040\000l\000a\000s\000\040\000F\000u\000n\000c\000i\000o\000n\000e\000s\000\040\000B\000a\000s\000e}{section.3}% 4
\BOOKMARK [2][-]{subsection.3.2}{\376\377\000C\000o\000n\000v\000e\000r\000s\000i\000o\000n}{section.3}% 5
\BOOKMARK [1][-]{section.4}{\376\377\000T\000a\000b\000l\000a\000\040\000C\000o\000m\000p\000a\000r\000a\000t\000i\000v\000a\000:\000\040\0001\000D\000\040\000v\000s\000\040\0002\000D}{}% 6
\BOOKMARK [1][-]{section.5}{\376\377\000O\000b\000t\000e\000n\000c\000i\000o\000n\000\040\000d\000e\000\040\000i\000\050\000x\000\051\000\040\000p\000a\000r\000a\000\040\000l\000a\000\040\000R\000B\000F\000\040\000f\000i\000\040\000=\000\040\0001\000\040\000+\000\040\000|\000x\000\040\000-\000\040\000x\000i\000|\0003}{}% 7
\BOOKMARK [2][-]{subsection.5.1}{\376\377\000I\000n\000t\000e\000g\000r\000a\000c\000i\000o\000n\000\040\000D\000i\000r\000e\000c\000t\000a}{section.5}% 8
\BOOKMARK [2][-]{subsection.5.2}{\376\377\000R\000e\000s\000u\000l\000t\000a\000d\000o}{section.5}% 9
\BOOKMARK [2][-]{subsection.5.3}{\376\377\000V\000e\000r\000i\000f\000i\000c\000a\000c\000i\000o\000n}{section.5}% 10
\BOOKMARK [1][-]{section.6}{\376\377\000D\000e\000t\000e\000r\000m\000i\000n\000a\000c\000i\000o\000n\000\040\000d\000e\000\040\000l\000o\000s\000\040\000C\000o\000e\000f\000i\000c\000i\000e\000n\000t\000e\000s\000\040\000i\000\040\000p\000o\000r\000\040\000C\000o\000l\000o\000c\000a\000c\000i\000o\000n}{}% 11
\BOOKMARK [1][-]{section.7}{\376\377\000A\000l\000g\000o\000r\000i\000t\000m\000o\000\040\000C\000o\000m\000p\000l\000e\000t\000o}{}% 12
\BOOKMARK [1][-]{section.8}{\376\377\000R\000e\000s\000u\000l\000t\000a\000d\000o\000s\000\040\000N\000u\000m\000e\000r\000i\000c\000o\000s}{}% 13
\BOOKMARK [2][-]{subsection.8.1}{\376\377\000E\000j\000e\000m\000p\000l\000o\000\040\000P\000r\000i\000n\000c\000i\000p\000a\000l\000:\000\040\000g\000\050\000x\000\051\000\040\000=\000\040\000x\0002\000\040\000e\000n\000\040\000[\0000\000,\0001\000]}{section.8}% 14
\BOOKMARK [3][-]{subsubsection.8.1.1}{\376\377\000E\000s\000t\000u\000d\000i\000o\000\040\000d\000e\000\040\000C\000o\000n\000v\000e\000r\000g\000e\000n\000c\000i\000a}{subsection.8.1}% 15
\BOOKMARK [3][-]{subsubsection.8.1.2}{\376\377\000T\000e\000n\000s\000i\000o\000n\000\040\000e\000n\000t\000r\000e\000\040\000P\000r\000e\000c\000i\000s\000i\000o\000n\000\040\000y\000\040\000C\000o\000n\000d\000i\000c\000i\000o\000n\000a\000m\000i\000e\000n\000t\000o}{subsection.8.1}% 16
\BOOKMARK [2][-]{subsection.8.2}{\376\377\000P\000r\000u\000e\000b\000a\000\040\000c\000o\000n\000\040\000D\000i\000s\000t\000i\000n\000t\000a\000s\000\040\000F\000u\000n\000c\000i\000o\000n\000e\000s\000\040\000g\000\050\000x\000\051\000,\000\040\000N\000=\0008}{section.8}% 17
\BOOKMARK [1][-]{section.9}{\376\377\000O\000b\000s\000e\000r\000v\000a\000c\000i\000o\000n\000e\000s\000\040\000P\000e\000d\000a\000g\000o\000g\000i\000c\000a\000s}{}% 18
\BOOKMARK [2][-]{subsection.9.1}{\376\377\000A\000i\000s\000l\000a\000m\000i\000e\000n\000t\000o\000\040\000d\000e\000l\000\040\000E\000r\000r\000o\000r\000\040\000d\000e\000\040\000C\000o\000l\000o\000c\000a\000c\000i\000o\000n\000\040\000R\000B\000F}{section.9}% 19
\BOOKMARK [2][-]{subsection.9.2}{\376\377\000S\000e\000c\000u\000e\000n\000c\000i\000a\000\040\000P\000e\000d\000a\000g\000o\000g\000i\000c\000a\000\040\000R\000e\000c\000o\000m\000e\000n\000d\000a\000d\000a}{section.9}% 20
\BOOKMARK [2][-]{subsection.9.3}{\376\377\000P\000r\000e\000g\000u\000n\000t\000a\000s\000\040\000P\000r\000o\000p\000u\000e\000s\000t\000a\000s\000\040\000p\000a\000r\000a\000\040\000e\000l\000\040\000E\000s\000t\000u\000d\000i\000a\000n\000t\000e}{section.9}% 21
