\BOOKMARK [1][-]{section.1}{\376\377\000P\000l\000a\000n\000t\000e\000a\000m\000i\000e\000n\000t\000o\000\040\000d\000e\000l\000\040\000P\000r\000o\000b\000l\000e\000m\000a}{}% 1
\BOOKMARK [2][-]{subsection.1.1}{\376\377\000S\000o\000l\000u\000c\000i\000\363\000n\000\040\000A\000n\000a\000l\000\355\000t\000i\000c\000a}{section.1}% 2
\BOOKMARK [2][-]{subsection.1.2}{\376\377\000M\000o\000t\000i\000v\000a\000c\000i\000\363\000n\000\040\000p\000a\000r\000a\000\040\000e\000l\000\040\000D\000o\000m\000i\000n\000i\000o\000\040\000C\000i\000r\000c\000u\000l\000a\000r}{section.1}% 3
\BOOKMARK [1][-]{section.2}{\376\377\000F\000o\000r\000m\000u\000l\000a\000c\000i\000\363\000n\000\040\000D\000R\000\040\000p\000a\000r\000a\000\040\000e\000l\000\040\000D\000o\000m\000i\000n\000i\000o\000\040\000C\000i\000r\000c\000u\000l\000a\000r}{}% 4
\BOOKMARK [2][-]{subsection.2.1}{\376\377\000R\000e\000c\000o\000r\000d\000a\000t\000o\000r\000i\000o\000:\000\040\000C\000o\000n\000v\000e\000r\000s\000i\000\363\000n\000\040\000d\000e\000\040\000I\000n\000t\000e\000g\000r\000a\000l\000\040\000d\000e\000\040\000D\000o\000m\000i\000n\000i\000o}{section.2}% 5
\BOOKMARK [2][-]{subsection.2.2}{\376\377\000R\000B\000F\000\040\000y\000\040\000F\000u\000n\000c\000i\000\363\000n\000\040\000P\000a\000r\000t\000i\000c\000u\000l\000a\000r}{section.2}% 6
\BOOKMARK [1][-]{section.3}{\376\377\000G\000e\000o\000m\000e\000t\000r\000\355\000a\000:\000\040\000E\000l\000e\000m\000e\000n\000t\000o\000s\000\040\000C\000o\000n\000s\000t\000a\000n\000t\000e\000s\000\040\000s\000o\000b\000r\000e\000\040\000e\000l\000\040\000C\000\355\000r\000c\000u\000l\000o}{}% 7
\BOOKMARK [2][-]{subsection.3.1}{\376\377\000P\000a\000r\000a\000m\000e\000t\000r\000i\000z\000a\000c\000i\000\363\000n\000\040\000d\000e\000\040\000l\000o\000s\000\040\000E\000l\000e\000m\000e\000n\000t\000o\000s}{section.3}% 8
\BOOKMARK [2][-]{subsection.3.2}{\376\377\000N\000o\000r\000m\000a\000l\000\040\000E\000x\000t\000e\000r\000i\000o\000r\000\040\000y\000\040\000J\000a\000c\000o\000b\000i\000a\000n\000o}{section.3}% 9
\BOOKMARK [2][-]{subsection.3.3}{\376\377\000E\000r\000r\000o\000r\000\040\000G\000e\000o\000m\000\351\000t\000r\000i\000c\000o\000\040\000d\000e\000\040\000l\000a\000\040\000A\000p\000r\000o\000x\000i\000m\000a\000c\000i\000\363\000n\000\040\000p\000o\000r\000\040\000C\000u\000e\000r\000d\000a\000s}{section.3}% 10
\BOOKMARK [1][-]{section.4}{\376\377\000N\000o\000d\000o\000s\000\040\000d\000e\000\040\000C\000o\000l\000o\000c\000a\000c\000i\000\363\000n\000\040\000I\000n\000t\000e\000r\000n\000o\000s}{}% 11
\BOOKMARK [1][-]{section.5}{\376\377\000E\000n\000s\000a\000m\000b\000l\000a\000j\000e\000\040\000y\000\040\000E\000v\000a\000l\000u\000a\000c\000i\000\363\000n}{}% 12
\BOOKMARK [2][-]{subsection.5.1}{\376\377\000S\000i\000s\000t\000e\000m\000a\000\040\000d\000e\000\040\000C\000o\000l\000o\000c\000a\000c\000i\000\363\000n\000\040\000R\000B\000F}{section.5}% 13
\BOOKMARK [2][-]{subsection.5.2}{\376\377\000I\000n\000t\000e\000g\000r\000a\000l\000\040\000d\000e\000\040\000F\000r\000o\000n\000t\000e\000r\000a\000\040\000p\000o\000r\000\040\000C\000u\000a\000d\000r\000a\000t\000u\000r\000a\000\040\000d\000e\000\040\000G\000a\000u\000s\000s}{section.5}% 14
\BOOKMARK [2][-]{subsection.5.3}{\376\377\000R\000e\000s\000u\000l\000t\000a\000d\000o\000\040\000F\000i\000n\000a\000l}{section.5}% 15
\BOOKMARK [1][-]{section.6}{\376\377\000A\000n\000\341\000l\000i\000s\000i\000s\000\040\000d\000e\000\040\000C\000o\000n\000v\000e\000r\000g\000e\000n\000c\000i\000a}{}% 16
\BOOKMARK [2][-]{subsection.6.1}{\376\377\000D\000o\000s\000\040\000F\000u\000e\000n\000t\000e\000s\000\040\000d\000e\000\040\000E\000r\000r\000o\000r\000\040\000I\000n\000d\000e\000p\000e\000n\000d\000i\000e\000n\000t\000e\000s}{section.6}% 17
\BOOKMARK [2][-]{subsection.6.2}{\376\377\000C\000o\000m\000p\000o\000r\000t\000a\000m\000i\000e\000n\000t\000o\000\040\000N\000o\000\040\000M\000o\000n\000\363\000t\000o\000n\000o\000\040\000c\000o\000n\000\040\000R\000e\000f\000i\000n\000a\000m\000i\000e\000n\000t\000o\000\040\000U\000n\000i\000l\000a\000t\000e\000r\000a\000l}{section.6}% 18
\BOOKMARK [2][-]{subsection.6.3}{\376\377\000R\000e\000s\000u\000l\000t\000a\000d\000o\000s\000\040\000N\000u\000m\000\351\000r\000i\000c\000o\000s}{section.6}% 19
\BOOKMARK [2][-]{subsection.6.4}{\376\377\000C\000o\000m\000p\000a\000r\000a\000c\000i\000\363\000n\000\040\000c\000o\000n\000\040\000e\000l\000\040\000D\000o\000m\000i\000n\000i\000o\000\040\000C\000u\000a\000d\000r\000a\000d\000o}{section.6}% 20
\BOOKMARK [1][-]{section.7}{\376\377\000O\000b\000s\000e\000r\000v\000a\000c\000i\000o\000n\000e\000s\000\040\000P\000e\000d\000a\000g\000\363\000g\000i\000c\000a\000s}{}% 21
\BOOKMARK [2][-]{subsection.7.1}{\376\377\000P\000r\000e\000g\000u\000n\000t\000a\000\040\000d\000e\000\040\000A\000n\000\341\000l\000i\000s\000i\000s\000\040\000S\000u\000g\000e\000r\000i\000d\000a}{section.7}% 22
\BOOKMARK [2][-]{subsection.7.2}{\376\377\000E\000x\000p\000e\000r\000i\000m\000e\000n\000t\000o\000s\000\040\000N\000u\000m\000\351\000r\000i\000c\000o\000s\000\040\000P\000r\000o\000p\000u\000e\000s\000t\000o\000s}{section.7}% 23
\BOOKMARK [2][-]{subsection.7.3}{\376\377\000E\000x\000t\000e\000n\000s\000i\000\363\000n\000\040\000N\000a\000t\000u\000r\000a\000l}{section.7}% 24
