\BOOKMARK [1][-]{section.1}{\376\377\000P\000l\000a\000n\000t\000e\000a\000m\000i\000e\000n\000t\000o\000\040\000d\000e\000l\000\040\000P\000r\000o\000b\000l\000e\000m\000a}{}% 1
\BOOKMARK [1][-]{section.2}{\376\377\000C\000o\000n\000v\000e\000r\000s\000i\000\363\000n\000\040\000d\000e\000\040\000I\000n\000t\000e\000g\000r\000a\000l\000\040\000d\000e\000\040\000D\000o\000m\000i\000n\000i\000o\000\040\000a\000\040\000I\000n\000t\000e\000g\000r\000a\000l\000e\000s\000\040\000d\000e\000\040\000F\000r\000o\000n\000t\000e\000r\000a}{}% 2
\BOOKMARK [2][-]{subsection.2.1}{\376\377\000P\000a\000s\000o\000\040\0001\000\040\040\024\000\040\000A\000p\000r\000o\000x\000i\000m\000a\000c\000i\000\363\000n\000\040\000R\000B\000F}{section.2}% 3
\BOOKMARK [2][-]{subsection.2.2}{\376\377\000P\000a\000s\000o\000\040\0002\000\040\040\024\000\040\000C\000o\000n\000d\000i\000c\000i\000\363\000n\000\040\000d\000e\000l\000\040\000M\000\351\000t\000o\000d\000o\000\040\000d\000e\000\040\000S\000o\000l\000u\000c\000i\000o\000n\000e\000s\000\040\000P\000a\000r\000t\000i\000c\000u\000l\000a\000r\000e\000s}{section.2}% 4
\BOOKMARK [2][-]{subsection.2.3}{\376\377\000P\000a\000s\000o\000\040\0003\000\040\040\024\000\040\000S\000u\000s\000t\000i\000t\000u\000c\000i\000\363\000n\000\040\000e\000n\000\040\000l\000a\000\040\000I\000n\000t\000e\000g\000r\000a\000l}{section.2}% 5
\BOOKMARK [2][-]{subsection.2.4}{\376\377\000P\000a\000s\000o\000\040\0004\000\040\040\024\000\040\000T\000e\000o\000r\000e\000m\000a\000\040\000d\000e\000\040\000l\000a\000\040\000D\000i\000v\000e\000r\000g\000e\000n\000c\000i\000a}{section.2}% 6
\BOOKMARK [2][-]{subsection.2.5}{\376\377\000D\000e\000t\000e\000r\000m\000i\000n\000a\000c\000i\000\363\000n\000\040\000d\000e\000\040\000l\000o\000s\000\040\000C\000o\000e\000f\000i\000c\000i\000e\000n\000t\000e\000s\000\040\000j\000\040\000p\000o\000r\000\040\000C\000o\000l\000o\000c\000a\000c\000i\000\363\000n}{section.2}% 7
\BOOKMARK [2][-]{subsection.2.6}{\376\377\000G\000e\000n\000e\000r\000a\000l\000i\000z\000a\000c\000i\000\363\000n\000\040\000d\000e\000l\000\040\000O\000p\000e\000r\000a\000d\000o\000r}{section.2}% 8
\BOOKMARK [1][-]{section.3}{\376\377\000O\000b\000t\000e\000n\000c\000i\000\363\000n\000\040\000d\000e\000\040\000\050\000r\000\051\000\040\000e\000n\000\040\0002\000D}{}% 9
\BOOKMARK [2][-]{subsection.3.1}{\376\377\000C\000a\000s\000o\000\040\0001\000:\000\040\000f\000\050\000r\000\051\000\040\000=\000\040\0001\000\040\000+\000\040\000r\0003}{section.3}% 10
\BOOKMARK [2][-]{subsection.3.2}{\376\377\000C\000a\000s\000o\000\040\0002\000:\000\040\000M\000u\000l\000t\000i\000q\000u\000a\000d\000r\000i\000c\000s\000\040\000f\000\050\000r\000\051\000\040\000=\000\040\000\050\000r\0002\000\040\000+\000\040\000c\0002\000\051\0001\000/\0002}{section.3}% 11
\BOOKMARK [2][-]{subsection.3.3}{\376\377\000T\000a\000b\000l\000a\000\040\000C\000o\000m\000p\000a\000r\000a\000t\000i\000v\000a}{section.3}% 12
\BOOKMARK [1][-]{section.4}{\376\377\000D\000e\000r\000i\000v\000a\000d\000a\000\040\000N\000o\000r\000m\000a\000l\000\040\000/\000n}{}% 13
\BOOKMARK [2][-]{subsection.4.1}{\376\377\000C\000a\000s\000o\000\040\0001\000:\000\040\000f\000\050\000r\000\051\000\040\000=\000\040\0001\000\040\000+\000\040\000r\0003}{section.4}% 14
\BOOKMARK [2][-]{subsection.4.2}{\376\377\000C\000a\000s\000o\000\040\0002\000:\000\040\000M\000u\000l\000t\000i\000q\000u\000a\000d\000r\000i\000c\000s\000\040\000f\000\050\000r\000\051\000\040\000=\000\040\000\050\000r\0002\000+\000c\0002\000\051\0001\000/\0002}{section.4}% 15
\BOOKMARK [1][-]{section.5}{\376\377\000A\000n\000\341\000l\000i\000s\000i\000s\000\040\000d\000e\000\040\000S\000i\000n\000g\000u\000l\000a\000r\000i\000d\000a\000d\000e\000s}{}% 16
\BOOKMARK [1][-]{section.6}{\376\377\000V\000e\000c\000t\000o\000r\000\040\000N\000o\000r\000m\000a\000l\000\040\000s\000o\000b\000r\000e\000\040\000C\000u\000r\000v\000a\000s\000\040\000y\000\040\000S\000u\000p\000e\000r\000f\000i\000c\000i\000e\000s\000\040\000P\000a\000r\000a\000m\000\351\000t\000r\000i\000c\000a\000s}{}% 17
\BOOKMARK [2][-]{subsection.6.1}{\376\377\000C\000a\000s\000o\000\040\0002\000D\000:\000\040\000C\000u\000r\000v\000a\000\040\000P\000l\000a\000n\000a\000\040\000P\000a\000r\000a\000m\000e\000t\000r\000i\000z\000a\000d\000a}{section.6}% 18
\BOOKMARK [2][-]{subsection.6.2}{\376\377\000C\000a\000s\000o\000\040\0003\000D\000:\000\040\000S\000u\000p\000e\000r\000f\000i\000c\000i\000e\000\040\000P\000a\000r\000a\000m\000e\000t\000r\000i\000z\000a\000d\000a}{section.6}% 19
\BOOKMARK [2][-]{subsection.6.3}{\376\377\000T\000a\000b\000l\000a\000\040\000R\000e\000s\000u\000m\000e\000n}{section.6}% 20
\BOOKMARK [1][-]{section.7}{\376\377\000D\000i\000s\000c\000r\000e\000t\000i\000z\000a\000c\000i\000\363\000n\000\040\000c\000o\000n\000\040\000E\000l\000e\000m\000e\000n\000t\000o\000s\000\040\000C\000o\000n\000s\000t\000a\000n\000t\000e\000s\000\040\000e\000n\000\040\0002\000D}{}% 21
\BOOKMARK [2][-]{subsection.7.1}{\376\377\000G\000e\000o\000m\000e\000t\000r\000\355\000a\000\040\000d\000e\000l\000\040\000E\000l\000e\000m\000e\000n\000t\000o}{section.7}% 22
\BOOKMARK [2][-]{subsection.7.2}{\376\377\000J\000a\000c\000o\000b\000i\000a\000n\000o\000\040\000y\000\040\000N\000o\000r\000m\000a\000l}{section.7}% 23
\BOOKMARK [2][-]{subsection.7.3}{\376\377\000L\000a\000\040\000I\000n\000t\000e\000g\000r\000a\000l\000\040\000s\000o\000b\000r\000e\000\040}{section.7}% 24
\BOOKMARK [2][-]{subsection.7.4}{\376\377\000R\000e\000s\000u\000l\000t\000a\000d\000o\000\040\000F\000i\000n\000a\000l\000\040\000E\000n\000s\000a\000m\000b\000l\000a\000d\000o}{section.7}% 25
\BOOKMARK [1][-]{section.8}{\376\377\000P\000s\000e\000u\000d\000o\000c\000\363\000d\000i\000g\000o}{}% 26
\BOOKMARK [1][-]{section.9}{\376\377\000E\000j\000e\000m\000p\000l\000o\000\040\000N\000u\000m\000\351\000r\000i\000c\000o\000:\000\040\000D\000o\000m\000i\000n\000i\000o\000\040\000C\000u\000a\000d\000r\000a\000d\000o\000\040\000[\0000\000,\0001\000]\0002}{}% 27
\BOOKMARK [2][-]{subsection.9.1}{\376\377\000C\000o\000n\000f\000i\000g\000u\000r\000a\000c\000i\000\363\000n}{section.9}% 28
\BOOKMARK [2][-]{subsection.9.2}{\376\377\000C\000\363\000d\000i\000g\000o\000\040\000P\000y\000t\000h\000o\000n}{section.9}% 29
\BOOKMARK [2][-]{subsection.9.3}{\376\377\000R\000e\000s\000u\000l\000t\000a\000d\000o}{section.9}% 30
\BOOKMARK [1][-]{section.10}{\376\377\000O\000b\000s\000e\000r\000v\000a\000c\000i\000o\000n\000e\000s\000\040\000P\000e\000d\000a\000g\000\363\000g\000i\000c\000a\000s\000\040\000y\000\040\000E\000x\000t\000e\000n\000s\000i\000o\000n\000e\000s}{}% 31
\BOOKMARK [2][-]{subsection.10.1}{\376\377\000R\000e\000f\000i\000n\000a\000m\000i\000e\000n\000t\000o\000\040\000y\000\040\000C\000o\000n\000v\000e\000r\000g\000e\000n\000c\000i\000a}{section.10}% 32
\BOOKMARK [2][-]{subsection.10.2}{\376\377\000P\000r\000e\000g\000u\000n\000t\000a\000\040\000d\000e\000\040\000E\000x\000a\000m\000e\000n\000\040\000S\000u\000g\000e\000r\000i\000d\000a}{section.10}% 33
\BOOKMARK [2][-]{subsection.10.3}{\376\377\000L\000i\000m\000i\000t\000a\000c\000i\000o\000n\000e\000s\000\040\000C\000o\000n\000o\000c\000i\000d\000a\000s}{section.10}% 34
